<?xml version="1.0" encoding="UTF-8"?>
<!-- Generated by org.testng.reporters.JUnitReportReporter -->
<testsuite hostname="Janani" failures="0" tests="1" name="moulton.scanning.utilities.ExcelWriter" time="1.404" errors="0" timestamp="2023-11-15T21:47:24 PST" skipped="0">
  <testcase classname="moulton.scanning.utilities.ExcelWriter" name="writeOuputToExcel" time="1.404"/>
  <system-out/>
</testsuite> <!-- moulton.scanning.utilities.ExcelWriter -->
