<?xml version="1.0" encoding="UTF-8"?>
<!-- Generated by org.testng.reporters.JUnitReportReporter -->
<testsuite hostname="Janani" failures="0" tests="1" name="com.ae.shopping.testCases.ShopTops" time="5.578" errors="0" timestamp="2023-02-23T19:28:26 PST" skipped="0">
  <testcase classname="com.ae.shopping.testCases.ShopTops" name="F2301_AE_product_description_display" time="5.578"/>
  <system-out/>
</testsuite> <!-- com.ae.shopping.testCases.ShopTops -->
