<?xml version="1.0" encoding="UTF-8"?>
<!-- Generated by org.testng.reporters.JUnitReportReporter -->
<testsuite hostname="Janani" failures="0" tests="2" name="Verify.TestngCheck" time="0.010" errors="0" timestamp="2023-09-15T12:43:43 PDT" skipped="0">
  <testcase classname="Verify.TestngCheck" name="testAnnotationCheck" time="0.002"/>
  <system-out/>
  <testcase classname="Verify.TestngCheck" name="checkagain" time="0.008"/>
  <system-out/>
</testsuite> <!-- Verify.TestngCheck -->
