<?xml version="1.0" encoding="UTF-8"?>
<!-- Generated by org.testng.reporters.JUnitReportReporter -->
<testsuite hostname="Janani" failures="0" tests="1" name="TestngCheck" time="0.007" errors="0" timestamp="2022-12-27T16:37:03 PST" skipped="0">
  <testcase classname="TestngCheck" name="testAnnotationCheck" time="0.007"/>
  <system-out/>
</testsuite> <!-- TestngCheck -->
