<?xml version="1.0" encoding="UTF-8"?>
<!-- Generated by org.testng.reporters.JUnitReportReporter -->
<testsuite hostname="Janani" failures="0" tests="2" name="Verify.ListeningMain" time="0.013" errors="0" timestamp="2023-06-11T22:15:26 PDT" skipped="0">
  <testcase classname="Verify.ListeningMain" name="test1" time="0.010"/>
  <system-out/>
  <testcase classname="Verify.ListeningMain" name="test2" time="0.003"/>
  <system-out/>
</testsuite> <!-- Verify.ListeningMain -->
