<?xml version="1.0" encoding="UTF-8"?>
<!-- Generated by org.testng.reporters.JUnitReportReporter -->
<testsuite hostname="Janani" failures="0" tests="1" name="ExcelToHashMap" time="0.000" errors="0" timestamp="2023-02-06T13:17:46 PST" skipped="1">
  <testcase classname="ExcelToHashMap" name="hello" time="0.000">
    <skipped/>
  </testcase> <!-- hello -->
  <system-out/>
</testsuite> <!-- ExcelToHashMap -->
