<?xml version="1.0" encoding="UTF-8"?>
<!-- Generated by org.testng.reporters.JUnitReportReporter -->
<testsuite hostname="Janani" failures="0" tests="4" name="ExcelMultipleRuns" time="0.024" errors="0" timestamp="2023-03-31T21:30:49 PDT" skipped="0">
  <testcase classname="ExcelMultipleRuns" name="hello" time="0.002"/>
  <system-out/>
  <testcase classname="ExcelMultipleRuns" name="hello" time="0.009"/>
  <system-out/>
  <testcase classname="ExcelMultipleRuns" name="hello" time="0.002"/>
  <system-out/>
  <testcase classname="ExcelMultipleRuns" name="hello" time="0.011"/>
  <system-out/>
</testsuite> <!-- ExcelMultipleRuns -->
