<?xml version="1.0" encoding="UTF-8"?>
<!-- Generated by org.testng.reporters.JUnitReportReporter -->
<testsuite hostname="Janani" failures="0" tests="2" name="TestngCheck" time="1.350" errors="0" timestamp="2023-06-20T22:09:43 PDT" skipped="0">
  <testcase classname="TestngCheck" name="testAnnotationCheck" time="1.349"/>
  <system-out/>
  <testcase classname="TestngCheck" name="checkagain" time="0.001"/>
  <system-out/>
</testsuite> <!-- TestngCheck -->
