<?xml version="1.0" encoding="UTF-8"?>
<!-- Generated by org.testng.reporters.JUnitReportReporter -->
<testsuite hostname="Janani" failures="0" tests="1" name="HashMapDemo2" time="0.010" errors="0" timestamp="2023-02-22T15:05:47 PST" skipped="0">
  <testcase classname="HashMapDemo2" name="launchApp" time="0.010"/>
  <system-out/>
</testsuite> <!-- HashMapDemo2 -->
