<?xml version="1.0" encoding="UTF-8"?>
<!-- Generated by org.testng.reporters.JUnitReportReporter -->
<testsuite hostname="Janani" failures="0" tests="1" name="ShellScript" time="0.021" errors="0" timestamp="2023-06-15T10:44:52 PDT" skipped="0">
  <testcase classname="ShellScript" name="hello" time="0.021"/>
  <system-out/>
</testsuite> <!-- ShellScript -->
