<?xml version="1.0" encoding="UTF-8"?>
<!-- Generated by org.testng.reporters.JUnitReportReporter -->
<testsuite hostname="Janani" failures="0" tests="2" name="TestngCheck" time="0.015" errors="0" timestamp="2023-05-23T12:21:51 PDT" skipped="0">
  <testcase classname="TestngCheck" name="hi" time="0.014"/>
  <system-out/>
  <testcase classname="TestngCheck" name="testAnnotationCheck" time="0.001"/>
  <system-out/>
</testsuite> <!-- TestngCheck -->
