<?xml version="1.0" encoding="UTF-8"?>
<!-- Generated by org.testng.reporters.JUnitReportReporter -->
<testsuite hostname="Janani" failures="0" tests="2" name="Verify.ListeningMain" time="0.012" errors="0" timestamp="2023-02-23T18:30:07 PST" skipped="0">
  <testcase classname="Verify.ListeningMain" name="test2" time="0.003"/>
  <system-out/>
  <testcase classname="Verify.ListeningMain" name="test1" time="0.009"/>
  <system-out/>
</testsuite> <!-- Verify.ListeningMain -->
