<?xml version="1.0" encoding="UTF-8"?>
<!-- Generated by org.testng.reporters.JUnitReportReporter -->
<testsuite hostname="Janani" failures="0" tests="2" name="ListeningMain" time="0.009" errors="0" timestamp="2023-02-23T16:50:41 PST" skipped="0">
  <testcase classname="ListeningMain" name="test2" time="0.002"/>
  <system-out/>
  <testcase classname="ListeningMain" name="test1" time="0.007"/>
  <system-out/>
</testsuite> <!-- ListeningMain -->
