<?xml version="1.0" encoding="UTF-8"?>
<!-- Generated by org.testng.reporters.JUnitReportReporter -->
<testsuite hostname="Janani" failures="0" tests="1" name="ExcelDataDrive" time="1.262" errors="0" timestamp="2023-06-20T14:47:10 PDT" skipped="0">
  <testcase classname="ExcelDataDrive" name="hehe" time="1.262"/>
  <system-out/>
</testsuite> <!-- ExcelDataDrive -->
