<?xml version="1.0" encoding="UTF-8"?>
<!-- Generated by org.testng.reporters.JUnitReportReporter -->
<testsuite hostname="Janani" failures="0" tests="1" name="Verify.ChildDemo1" time="2.281" errors="0" timestamp="2023-01-18T16:59:18 PST" skipped="0">
  <testcase classname="Verify.ChildDemo1" name="Child1" time="2.281"/>
  <system-out/>
</testsuite> <!-- Verify.ChildDemo1 -->
