<?xml version="1.0" encoding="UTF-8"?>
<!-- Generated by org.testng.reporters.JUnitReportReporter -->
<testsuite hostname="Janani" failures="0" tests="1" name="ChildDemo2" time="0.028" errors="0" timestamp="2023-01-18T16:26:09 PST" skipped="0">
  <testcase classname="ChildDemo2" name="Child2" time="0.028"/>
  <system-out/>
</testsuite> <!-- ChildDemo2 -->
