<?xml version="1.0" encoding="UTF-8"?>
<!-- Generated by org.testng.reporters.JUnitReportReporter -->
<testsuite hostname="Janani" failures="0" tests="1" name="ExcelReaderTest2" time="0.009" errors="0" timestamp="2023-02-04T19:59:30 PST" skipped="0">
  <testcase classname="ExcelReaderTest2" name="comeon" time="0.009"/>
  <system-out/>
</testsuite> <!-- ExcelReaderTest2 -->
