<?xml version="1.0" encoding="UTF-8"?>
<!-- Generated by org.testng.reporters.JUnitReportReporter -->
<testsuite hostname="Janani" failures="0" tests="1" name="ExcelDataDrive" time="1.354" errors="0" timestamp="2023-03-16T14:28:29 PDT" skipped="0">
  <testcase classname="ExcelDataDrive" name="hehe" time="1.354"/>
  <system-out/>
</testsuite> <!-- ExcelDataDrive -->
