<?xml version="1.0" encoding="UTF-8"?>
<!-- Generated by org.testng.reporters.JUnitReportReporter -->
<testsuite hostname="Janani" failures="0" tests="1" name="ChildDemo1" time="0.012" errors="0" timestamp="2023-01-18T16:25:46 PST" skipped="0">
  <testcase classname="ChildDemo1" name="Child1" time="0.012"/>
  <system-out/>
</testsuite> <!-- ChildDemo1 -->
