<?xml version="1.0" encoding="UTF-8"?>
<!-- Generated by org.testng.reporters.JUnitReportReporter -->
<testsuite hostname="Janani" failures="0" tests="1" name="ExcelDataDrive" time="1.135" errors="0" timestamp="2023-03-29T14:39:00 PDT" skipped="0">
  <testcase classname="ExcelDataDrive" name="hehe" time="1.135"/>
  <system-out/>
</testsuite> <!-- ExcelDataDrive -->
