<?xml version="1.0" encoding="UTF-8"?>
<!-- Generated by org.testng.reporters.JUnitReportReporter -->
<testsuite hostname="Janani" failures="0" tests="1" name="Cookies" time="7.603" errors="0" timestamp="2023-11-15T19:00:37 PST" skipped="0">
  <testcase classname="Cookies" name="check" time="7.603"/>
  <system-out/>
</testsuite> <!-- Cookies -->
