<?xml version="1.0" encoding="UTF-8"?>
<!-- Generated by org.testng.reporters.JUnitReportReporter -->
<testsuite hostname="Janani" failures="0" tests="2" name="Verify.ListeningMain" time="0.010" errors="0" timestamp="2023-10-03T14:43:14 PDT" skipped="0">
  <testcase classname="Verify.ListeningMain" name="test2" time="0.002"/>
  <system-out/>
  <testcase classname="Verify.ListeningMain" name="test1" time="0.008"/>
  <system-out/>
</testsuite> <!-- Verify.ListeningMain -->
