<?xml version="1.0" encoding="UTF-8"?>
<!-- Generated by org.testng.reporters.JUnitReportReporter -->
<testsuite hostname="Janani" failures="0" tests="4" name="ExcelMultipleRuns" time="0.011" errors="0" timestamp="2023-03-29T14:31:06 PDT" skipped="0">
  <testcase classname="ExcelMultipleRuns" name="hello" time="0.002"/>
  <system-out/>
  <testcase classname="ExcelMultipleRuns" name="hello" time="0.001"/>
  <system-out/>
  <testcase classname="ExcelMultipleRuns" name="hello" time="0.001"/>
  <system-out/>
  <testcase classname="ExcelMultipleRuns" name="hello" time="0.007"/>
  <system-out/>
</testsuite> <!-- ExcelMultipleRuns -->
