<?xml version="1.0" encoding="UTF-8"?>
<!-- Generated by org.testng.reporters.JUnitReportReporter -->
<testsuite hostname="Janani" failures="0" tests="3" name="Verify.TestNGAnnotaionsMisc" time="0.016" errors="0" timestamp="2023-10-26T14:05:32 PDT" skipped="0">
  <testcase classname="Verify.TestNGAnnotaionsMisc" name="verifyDependsOnMethods" time="0.002"/>
  <system-out/>
  <testcase classname="Verify.TestNGAnnotaionsMisc" name="checkExceptions" time="0.002"/>
  <system-out/>
  <testcase classname="Verify.TestNGAnnotaionsMisc" name="heroMethod" time="0.012"/>
  <system-out/>
</testsuite> <!-- Verify.TestNGAnnotaionsMisc -->
