<?xml version="1.0" encoding="UTF-8"?>
<!-- Generated by org.testng.reporters.JUnitReportReporter -->
<testsuite hostname="Janani" failures="0" tests="2" name="Verify.FactoryAnnotationTestNGMainClass" time="0.019" errors="0" timestamp="2023-10-26T13:30:50 PDT" skipped="0">
  <testcase classname="Verify.FactoryAnnotationTestNGMainClass" name="method2" time="0.002"/>
  <system-out/>
  <testcase classname="Verify.FactoryAnnotationTestNGMainClass" name="method1" time="0.017"/>
  <system-out/>
</testsuite> <!-- Verify.FactoryAnnotationTestNGMainClass -->
