<?xml version="1.0" encoding="UTF-8"?>
<!-- Generated by org.testng.reporters.JUnitReportReporter -->
<testsuite hostname="Janani" failures="0" tests="2" name="Verify.ListeningMain" time="0.011" errors="0" timestamp="2023-04-01T17:46:07 PDT" skipped="0">
  <testcase classname="Verify.ListeningMain" name="test1" time="0.007"/>
  <system-out/>
  <testcase classname="Verify.ListeningMain" name="test2" time="0.004"/>
  <system-out/>
</testsuite> <!-- Verify.ListeningMain -->
