<?xml version="1.0" encoding="UTF-8"?>
<!-- Generated by org.testng.reporters.JUnitReportReporter -->
<testsuite hostname="Janani" failures="0" tests="1" name="Verify.TestNGAnnotaionsMisc" time="0.011" errors="0" timestamp="2023-08-10T17:47:12 PDT" skipped="0">
  <testcase classname="Verify.TestNGAnnotaionsMisc" name="checkExceptions" time="0.011"/>
  <system-out/>
</testsuite> <!-- Verify.TestNGAnnotaionsMisc -->
