<?xml version="1.0" encoding="UTF-8"?>
<!-- Generated by org.testng.reporters.JUnitReportReporter -->
<testsuite hostname="Janani" failures="0" tests="1" name="Verify.ChildDemo1" time="1.960" errors="0" timestamp="2023-03-21T21:28:00 PDT" skipped="0">
  <testcase classname="Verify.ChildDemo1" name="Child1" time="1.960"/>
  <system-out/>
</testsuite> <!-- Verify.ChildDemo1 -->
