<?xml version="1.0" encoding="UTF-8"?>
<!-- Generated by org.testng.reporters.JUnitReportReporter -->
<testsuite hostname="Janani" failures="0" tests="2" name="TestngCheck" time="1.604" errors="0" timestamp="2023-09-14T13:43:33 PDT" skipped="0">
  <testcase classname="TestngCheck" name="testAnnotationCheck" time="1.601"/>
  <system-out/>
  <testcase classname="TestngCheck" name="checkagain" time="0.003"/>
  <system-out/>
</testsuite> <!-- TestngCheck -->
