<?xml version="1.0" encoding="UTF-8"?>
<!-- Generated by org.testng.reporters.JUnitReportReporter -->
<testsuite hostname="Janani" failures="0" tests="2" name="HashMapFrmJson" time="0.010" errors="0" timestamp="2023-02-22T14:59:19 PST" skipped="0">
  <testcase classname="HashMapFrmJson" name="launchApp" time="0.009"/>
  <system-out/>
  <testcase classname="HashMapFrmJson" name="launchApp" time="0.001"/>
  <system-out/>
</testsuite> <!-- HashMapFrmJson -->
