<?xml version="1.0" encoding="UTF-8"?>
<!-- Generated by org.testng.reporters.JUnitReportReporter -->
<testsuite hostname="Janani" failures="0" tests="2" name="Verify.ListeningMain" time="0.016" errors="0" timestamp="2023-08-10T16:18:41 PDT" skipped="0">
  <testcase classname="Verify.ListeningMain" name="test1" time="0.012"/>
  <system-out/>
  <testcase classname="Verify.ListeningMain" name="test2" time="0.004"/>
  <system-out/>
</testsuite> <!-- Verify.ListeningMain -->
