<?xml version="1.0" encoding="UTF-8"?>
<!-- Generated by org.testng.reporters.JUnitReportReporter -->
<testsuite hostname="Janani" failures="0" tests="1" name="jenkinsgitintegration.AppTest" time="7.393" errors="0" timestamp="2024-03-16T15:12:13 PDT" skipped="0">
  <testcase classname="jenkinsgitintegration.AppTest" name="shouldAnswerWithTrue" time="7.393"/>
  <system-out/>
</testsuite> <!-- jenkinsgitintegration.AppTest -->
