<?xml version="1.0" encoding="UTF-8"?>
<!-- Generated by org.testng.reporters.JUnitReportReporter -->
<testsuite hostname="Janani" failures="0" tests="1" name="jenkinsgitintegration.AppTest" time="6.154" errors="0" timestamp="2023-03-24T11:40:50 PDT" skipped="0">
  <testcase classname="jenkinsgitintegration.AppTest" name="shouldAnswerWithTrue" time="6.154"/>
  <system-out/>
</testsuite> <!-- jenkinsgitintegration.AppTest -->
