<?xml version="1.0" encoding="UTF-8"?>
<!-- Generated by org.testng.reporters.JUnitReportReporter -->
<testsuite hostname="Janani" failures="0" tests="1" name="PipelinesDemo.AppTest2" time="6.723" errors="0" timestamp="2023-04-06T13:07:16 PDT" skipped="0">
  <testcase classname="PipelinesDemo.AppTest2" name="shouldAnswerWithTrue1" time="6.723"/>
  <system-out/>
</testsuite> <!-- PipelinesDemo.AppTest2 -->
