<?xml version="1.0" encoding="UTF-8"?>
<!-- Generated by org.testng.reporters.JUnitReportReporter -->
<testsuite hostname="Janani" failures="0" tests="1" name="PipelinesDemo.AppTest" time="7.012" errors="0" timestamp="2023-04-06T13:07:16 PDT" skipped="0">
  <testcase classname="PipelinesDemo.AppTest" name="shouldAnswerWithTrue" time="7.012"/>
  <system-out/>
</testsuite> <!-- PipelinesDemo.AppTest -->
