<?xml version="1.0" encoding="UTF-8"?>
<!-- Generated by org.testng.reporters.JUnitReportReporter -->
<testsuite hostname="Janani" failures="0" tests="1" name="PipelinesDemo.AppTest3" time="14.582" errors="0" timestamp="2023-04-06T13:07:16 PDT" skipped="0">
  <testcase classname="PipelinesDemo.AppTest3" name="shouldAnswerWithTrue2" time="14.582"/>
  <system-out/>
</testsuite> <!-- PipelinesDemo.AppTest3 -->
