<?xml version="1.0" encoding="UTF-8"?>
<!-- Generated by org.testng.reporters.JUnitReportReporter -->
<testsuite hostname="Janani" failures="0" tests="1" name="PipelinesDemo.AppTest" time="0.025" errors="0" timestamp="2023-04-03T13:36:51 PDT" skipped="0">
  <testcase classname="PipelinesDemo.AppTest" name="shouldAnswerWithTrue" time="0.025"/>
  <system-out/>
</testsuite> <!-- PipelinesDemo.AppTest -->
