<?xml version="1.0" encoding="UTF-8"?>
<!-- Generated by org.testng.reporters.JUnitReportReporter -->
<testsuite hostname="Janani" failures="0" tests="1" name="PipelinesDemo.AppTest4" time="8.109" errors="0" timestamp="2023-04-06T13:07:16 PDT" skipped="0">
  <testcase classname="PipelinesDemo.AppTest4" name="shouldAnswerWithTrue3" time="8.109"/>
  <system-out/>
</testsuite> <!-- PipelinesDemo.AppTest4 -->
