<?xml version="1.0" encoding="UTF-8"?>
<!-- Generated by org.testng.reporters.JUnitReportReporter -->
<testsuite hostname="Janani" failures="0" tests="2" name="com.ae.shopping.testCases.ErrorScenario" time="2.222" errors="0" timestamp="2023-02-16T10:29:15 PST" skipped="0">
  <testcase classname="com.ae.shopping.testCases.ErrorScenario" name="F2301_AE_F2301_AE_womenMenu_topsOption_invalid" time="1.650"/>
  <system-out/>
  <testcase classname="com.ae.shopping.testCases.ErrorScenario" name="checkDevToolsBrokenLink" time="0.572"/>
  <system-out/>
</testsuite> <!-- com.ae.shopping.testCases.ErrorScenario -->
