<?xml version="1.0" encoding="UTF-8"?>
<!-- Generated by org.testng.reporters.JUnitReportReporter -->
<testsuite hostname="Janani" failures="0" tests="2" name="com.ae.shopping.cucumber.TestNGTestRunner" time="32.633" errors="0" timestamp="2023-01-31T13:57:19 PST" skipped="0">
  <testcase classname="com.ae.shopping.cucumber.TestNGTestRunner" name="runScenario" time="19.051"/>
  <system-out/>
  <testcase classname="com.ae.shopping.cucumber.TestNGTestRunner" name="runScenario" time="13.582"/>
  <system-out/>
</testsuite> <!-- com.ae.shopping.cucumber.TestNGTestRunner -->
